2022-05-17 10:35:27 Notice: Notice (1024): Undefined property: UsersController::$Authentication in /var/www/html/src/Controller/AppController.php on line 60 in [/var/www/html/vendor/cakephp/cakephp/src/Controller/Controller.php, line 321]
Request URL: /users/login?redirect=%2Fmemos%2Fadd
Referer URL: http://localhost/memos
Client IP: 172.19.0.1
Trace:
Cake\Error\BaseErrorHandler::handleError() - CORE/src/Error/BaseErrorHandler.php, line 188
DebugKit\Plugin::DebugKit\{closure}() - ROOT/vendor/cakephp/debug_kit/src/Plugin.php, line 105
Cake\Controller\Controller::__get() - CORE/src/Controller/Controller.php, line 321
App\Controller\AppController::beforeFilter() - APP/Controller/AppController.php, line 60
App\Controller\UsersController::beforeFilter() - APP/Controller/UsersController.php, line 114
Cake\Event\EventManager::_callListener() - CORE/src/Event/EventManager.php, line 309
Cake\Event\EventManager::dispatch() - CORE/src/Event/EventManager.php, line 286
Cake\Controller\Controller::dispatchEvent() - CORE/src/Event/EventDispatcherTrait.php, line 92
Cake\Controller\Controller::startupProcess() - CORE/src/Controller/Controller.php, line 575
Cake\Controller\ControllerFactory::invoke() - CORE/src/Controller/ControllerFactory.php, line 96
Cake\Http\BaseApplication::handle() - CORE/src/Http/BaseApplication.php, line 313
Cake\Http\Runner::handle() - CORE/src/Http/Runner.php, line 77
Authentication\Middleware\AuthenticationMiddleware::process() - ROOT/vendor/cakephp/authentication/src/Middleware/AuthenticationMiddleware.php, line 124
Cake\Http\Runner::handle() - CORE/src/Http/Runner.php, line 73
Cake\Routing\Middleware\RoutingMiddleware::process() - CORE/src/Routing/Middleware/RoutingMiddleware.php, line 161
Cake\Http\Runner::handle() - CORE/src/Http/Runner.php, line 73
Cake\Http\Middleware\CsrfProtectionMiddleware::process() - CORE/src/Http/Middleware/CsrfProtectionMiddleware.php, line 174
Cake\Http\Runner::handle() - CORE/src/Http/Runner.php, line 73
Cake\Http\Middleware\BodyParserMiddleware::process() - CORE/src/Http/Middleware/BodyParserMiddleware.php, line 157
Cake\Http\Runner::handle() - CORE/src/Http/Runner.php, line 73
Cake\Routing\Middleware\RoutingMiddleware::process() - CORE/src/Routing/Middleware/RoutingMiddleware.php, line 161
Cake\Http\Runner::handle() - CORE/src/Http/Runner.php, line 73
Cake\Routing\Middleware\AssetMiddleware::process() - CORE/src/Routing/Middleware/AssetMiddleware.php, line 68
Cake\Http\Runner::handle() - CORE/src/Http/Runner.php, line 73
Cake\Error\Middleware\ErrorHandlerMiddleware::process() - CORE/src/Error/Middleware/ErrorHandlerMiddleware.php, line 126
Cake\Http\Runner::handle() - CORE/src/Http/Runner.php, line 73
DebugKit\Middleware\DebugKitMiddleware::process() - ROOT/vendor/cakephp/debug_kit/src/Middleware/DebugKitMiddleware.php, line 60
Cake\Http\Runner::handle() - CORE/src/Http/Runner.php, line 73
Cake\Http\Runner::run() - CORE/src/Http/Runner.php, line 58
Cake\Http\Server::run() - CORE/src/Http/Server.php, line 90
[main] - ROOT/webroot/index.php, line 40

2022-05-17 10:35:35 Notice: Notice (1024): Undefined property: MemosController::$Authentication in /var/www/html/src/Controller/AppController.php on line 60 in [/var/www/html/vendor/cakephp/cakephp/src/Controller/Controller.php, line 321]
Request URL: /memos
Client IP: 172.19.0.1
Trace:
Cake\Error\BaseErrorHandler::handleError() - CORE/src/Error/BaseErrorHandler.php, line 188
DebugKit\Plugin::DebugKit\{closure}() - ROOT/vendor/cakephp/debug_kit/src/Plugin.php, line 105
Cake\Controller\Controller::__get() - CORE/src/Controller/Controller.php, line 321
App\Controller\AppController::beforeFilter() - APP/Controller/AppController.php, line 60
Cake\Event\EventManager::_callListener() - CORE/src/Event/EventManager.php, line 309
Cake\Event\EventManager::dispatch() - CORE/src/Event/EventManager.php, line 286
Cake\Controller\Controller::dispatchEvent() - CORE/src/Event/EventDispatcherTrait.php, line 92
Cake\Controller\Controller::startupProcess() - CORE/src/Controller/Controller.php, line 575
Cake\Controller\ControllerFactory::invoke() - CORE/src/Controller/ControllerFactory.php, line 96
Cake\Http\BaseApplication::handle() - CORE/src/Http/BaseApplication.php, line 313
Cake\Http\Runner::handle() - CORE/src/Http/Runner.php, line 77
Authentication\Middleware\AuthenticationMiddleware::process() - ROOT/vendor/cakephp/authentication/src/Middleware/AuthenticationMiddleware.php, line 124
Cake\Http\Runner::handle() - CORE/src/Http/Runner.php, line 73
Cake\Routing\Middleware\RoutingMiddleware::process() - CORE/src/Routing/Middleware/RoutingMiddleware.php, line 161
Cake\Http\Runner::handle() - CORE/src/Http/Runner.php, line 73
Cake\Http\Middleware\CsrfProtectionMiddleware::process() - CORE/src/Http/Middleware/CsrfProtectionMiddleware.php, line 174
Cake\Http\Runner::handle() - CORE/src/Http/Runner.php, line 73
Cake\Http\Middleware\BodyParserMiddleware::process() - CORE/src/Http/Middleware/BodyParserMiddleware.php, line 157
Cake\Http\Runner::handle() - CORE/src/Http/Runner.php, line 73
Cake\Routing\Middleware\RoutingMiddleware::process() - CORE/src/Routing/Middleware/RoutingMiddleware.php, line 161
Cake\Http\Runner::handle() - CORE/src/Http/Runner.php, line 73
Cake\Routing\Middleware\AssetMiddleware::process() - CORE/src/Routing/Middleware/AssetMiddleware.php, line 68
Cake\Http\Runner::handle() - CORE/src/Http/Runner.php, line 73
Cake\Error\Middleware\ErrorHandlerMiddleware::process() - CORE/src/Error/Middleware/ErrorHandlerMiddleware.php, line 126
Cake\Http\Runner::handle() - CORE/src/Http/Runner.php, line 73
DebugKit\Middleware\DebugKitMiddleware::process() - ROOT/vendor/cakephp/debug_kit/src/Middleware/DebugKitMiddleware.php, line 60
Cake\Http\Runner::handle() - CORE/src/Http/Runner.php, line 73
Cake\Http\Runner::run() - CORE/src/Http/Runner.php, line 58
Cake\Http\Server::run() - CORE/src/Http/Server.php, line 90
[main] - ROOT/webroot/index.php, line 40

2022-05-18 07:34:51 Notice: Notice (1024): Undefined property: MemosController::$Identity in /var/www/html/src/Controller/MemosController.php on line 25 in [/var/www/html/vendor/cakephp/cakephp/src/Controller/Controller.php, line 321]
Request URL: /memos
Client IP: 172.18.0.1
Trace:
Cake\Error\BaseErrorHandler::handleError() - CORE/src/Error/BaseErrorHandler.php, line 188
DebugKit\Plugin::DebugKit\{closure}() - ROOT/vendor/cakephp/debug_kit/src/Plugin.php, line 105
Cake\Controller\Controller::__get() - CORE/src/Controller/Controller.php, line 321
App\Controller\MemosController::index() - APP/Controller/MemosController.php, line 25
Cake\Controller\Controller::invokeAction() - CORE/src/Controller/Controller.php, line 531
Cake\Controller\ControllerFactory::invoke() - CORE/src/Controller/ControllerFactory.php, line 149
Cake\Http\BaseApplication::handle() - CORE/src/Http/BaseApplication.php, line 313
Cake\Http\Runner::handle() - CORE/src/Http/Runner.php, line 77
Authentication\Middleware\AuthenticationMiddleware::process() - ROOT/vendor/cakephp/authentication/src/Middleware/AuthenticationMiddleware.php, line 124
Cake\Http\Runner::handle() - CORE/src/Http/Runner.php, line 73
Cake\Routing\Middleware\RoutingMiddleware::process() - CORE/src/Routing/Middleware/RoutingMiddleware.php, line 161
Cake\Http\Runner::handle() - CORE/src/Http/Runner.php, line 73
Cake\Http\Middleware\CsrfProtectionMiddleware::process() - CORE/src/Http/Middleware/CsrfProtectionMiddleware.php, line 174
Cake\Http\Runner::handle() - CORE/src/Http/Runner.php, line 73
Cake\Http\Middleware\BodyParserMiddleware::process() - CORE/src/Http/Middleware/BodyParserMiddleware.php, line 157
Cake\Http\Runner::handle() - CORE/src/Http/Runner.php, line 73
Cake\Routing\Middleware\RoutingMiddleware::process() - CORE/src/Routing/Middleware/RoutingMiddleware.php, line 161
Cake\Http\Runner::handle() - CORE/src/Http/Runner.php, line 73
Cake\Routing\Middleware\AssetMiddleware::process() - CORE/src/Routing/Middleware/AssetMiddleware.php, line 68
Cake\Http\Runner::handle() - CORE/src/Http/Runner.php, line 73
Cake\Error\Middleware\ErrorHandlerMiddleware::process() - CORE/src/Error/Middleware/ErrorHandlerMiddleware.php, line 126
Cake\Http\Runner::handle() - CORE/src/Http/Runner.php, line 73
DebugKit\Middleware\DebugKitMiddleware::process() - ROOT/vendor/cakephp/debug_kit/src/Middleware/DebugKitMiddleware.php, line 60
Cake\Http\Runner::handle() - CORE/src/Http/Runner.php, line 73
Cake\Http\Runner::run() - CORE/src/Http/Runner.php, line 58
Cake\Http\Server::run() - CORE/src/Http/Server.php, line 90
[main] - ROOT/webroot/index.php, line 40

